c:\users\rhododendron\documents\github\green\pollution solution\temp\poseurspritetypesimporter\debug\poseurspritetypesimporter.obj
c:\users\rhododendron\documents\github\green\pollution solution\temp\poseurspritetypesimporter\debug\stdafx.obj
c:\users\rhododendron\documents\github\green\pollution solution\temp\poseurspritetypesimporter\debug\vc110.pdb
c:\users\rhododendron\documents\github\green\pollution solution\common\poseurspritetypesimporter.lib
c:\users\jackie wei\desktop\pollution\temp\poseurspritetypesimporter\debug\vc120.pdb
c:\users\jackie wei\desktop\pollution\temp\poseurspritetypesimporter\debug\vc120.idb
c:\users\jackie wei\desktop\pollution\temp\poseurspritetypesimporter\debug\poseurspritetypesimporter.obj
c:\users\jackie wei\desktop\pollution\temp\poseurspritetypesimporter\debug\stdafx.obj
c:\users\jackie wei\desktop\pollution\common\poseurspritetypesimporter.lib
c:\users\jackie wei\desktop\pollution\temp\poseurspritetypesimporter\debug\cl.command.1.tlog
c:\users\jackie wei\desktop\pollution\temp\poseurspritetypesimporter\debug\cl.read.1.tlog
c:\users\jackie wei\desktop\pollution\temp\poseurspritetypesimporter\debug\cl.write.1.tlog
c:\users\jackie wei\desktop\pollution\temp\poseurspritetypesimporter\debug\lib-link.read.1.tlog
c:\users\jackie wei\desktop\pollution\temp\poseurspritetypesimporter\debug\lib-link.write.1.tlog
c:\users\jackie wei\desktop\pollution\temp\poseurspritetypesimporter\debug\lib.command.1.tlog
c:\users\jackie wei\desktop\pollution\temp\poseurspritetypesimporter\debug\vc110.idb
c:\users\jackie wei\desktop\pollution\temp\poseurspritetypesimporter\debug\vc110.pdb
c:\users\jackie wei\desktop\pollution\temp\poseurspritetypesimporter\debug\poseursp.776f7c61.tlog\cl.command.1.tlog
c:\users\jackie wei\desktop\pollution\temp\poseurspritetypesimporter\debug\poseursp.776f7c61.tlog\cl.read.1.tlog
c:\users\jackie wei\desktop\pollution\temp\poseurspritetypesimporter\debug\poseursp.776f7c61.tlog\cl.write.1.tlog
c:\users\jackie wei\desktop\pollution\temp\poseurspritetypesimporter\debug\poseursp.776f7c61.tlog\lib-link.read.1.tlog
c:\users\jackie wei\desktop\pollution\temp\poseurspritetypesimporter\debug\poseursp.776f7c61.tlog\lib-link.write.1.tlog
c:\users\jackie wei\desktop\pollution\temp\poseurspritetypesimporter\debug\poseursp.776f7c61.tlog\lib.command.1.tlog
