c:\users\rhododendron\documents\github\green\pollution solution\temp\tinyxml\debug\tinystr.obj
c:\users\rhododendron\documents\github\green\pollution solution\temp\tinyxml\debug\tinyxml.obj
c:\users\rhododendron\documents\github\green\pollution solution\temp\tinyxml\debug\tinyxmlerror.obj
c:\users\rhododendron\documents\github\green\pollution solution\temp\tinyxml\debug\tinyxmlparser.obj
c:\users\rhododendron\documents\github\green\pollution solution\temp\tinyxml\debug\xmltest.obj
c:\users\rhododendron\documents\github\green\pollution solution\temp\tinyxml\debug\stdafx.obj
c:\users\rhododendron\documents\github\green\pollution solution\temp\tinyxml\debug\vc110.pdb
c:\users\rhododendron\documents\github\green\pollution solution\common\tinyxml.lib
c:\users\jackie wei\desktop\pollution\temp\tinyxml\debug\vc120.pdb
c:\users\jackie wei\desktop\pollution\temp\tinyxml\debug\vc120.idb
c:\users\jackie wei\desktop\pollution\temp\tinyxml\debug\tinystr.obj
c:\users\jackie wei\desktop\pollution\temp\tinyxml\debug\tinyxml.obj
c:\users\jackie wei\desktop\pollution\temp\tinyxml\debug\tinyxmlerror.obj
c:\users\jackie wei\desktop\pollution\temp\tinyxml\debug\tinyxmlparser.obj
c:\users\jackie wei\desktop\pollution\temp\tinyxml\debug\xmltest.obj
c:\users\jackie wei\desktop\pollution\temp\tinyxml\debug\stdafx.obj
c:\users\jackie wei\desktop\pollution\common\tinyxml.lib
c:\users\jackie wei\desktop\pollution\temp\tinyxml\debug\cl.command.1.tlog
c:\users\jackie wei\desktop\pollution\temp\tinyxml\debug\cl.read.1.tlog
c:\users\jackie wei\desktop\pollution\temp\tinyxml\debug\cl.write.1.tlog
c:\users\jackie wei\desktop\pollution\temp\tinyxml\debug\lib-link.read.1.tlog
c:\users\jackie wei\desktop\pollution\temp\tinyxml\debug\lib-link.write.1.tlog
c:\users\jackie wei\desktop\pollution\temp\tinyxml\debug\lib.command.1.tlog
c:\users\jackie wei\desktop\pollution\temp\tinyxml\debug\vc110.idb
c:\users\jackie wei\desktop\pollution\temp\tinyxml\debug\vc110.pdb
c:\users\jackie wei\desktop\pollution\temp\tinyxml\debug\tinyxml.tlog\cl.command.1.tlog
c:\users\jackie wei\desktop\pollution\temp\tinyxml\debug\tinyxml.tlog\cl.read.1.tlog
c:\users\jackie wei\desktop\pollution\temp\tinyxml\debug\tinyxml.tlog\cl.write.1.tlog
c:\users\jackie wei\desktop\pollution\temp\tinyxml\debug\tinyxml.tlog\lib-link.read.1.tlog
c:\users\jackie wei\desktop\pollution\temp\tinyxml\debug\tinyxml.tlog\lib-link.write.1.tlog
c:\users\jackie wei\desktop\pollution\temp\tinyxml\debug\tinyxml.tlog\lib.command.1.tlog
