c:\users\rhododendron\documents\github\green\pollution solution\temp\simplesidescrollerframework\debug\topdownsprite.obj
c:\users\rhododendron\documents\github\green\pollution solution\temp\simplesidescrollerframework\debug\gamestatemanager.obj
c:\users\rhododendron\documents\github\green\pollution solution\temp\simplesidescrollerframework\debug\sparselayer.obj
c:\users\rhododendron\documents\github\green\pollution solution\temp\simplesidescrollerframework\debug\tiledlayer.obj
c:\users\rhododendron\documents\github\green\pollution solution\temp\simplesidescrollerframework\debug\world.obj
c:\users\rhododendron\documents\github\green\pollution solution\temp\simplesidescrollerframework\debug\button.obj
c:\users\rhododendron\documents\github\green\pollution solution\temp\simplesidescrollerframework\debug\cursor.obj
c:\users\rhododendron\documents\github\green\pollution solution\temp\simplesidescrollerframework\debug\gamegui.obj
c:\users\rhododendron\documents\github\green\pollution solution\temp\simplesidescrollerframework\debug\screengui.obj
c:\users\rhododendron\documents\github\green\pollution solution\temp\simplesidescrollerframework\debug\viewport.obj
c:\users\rhododendron\documents\github\green\pollution solution\temp\simplesidescrollerframework\debug\gameinput.obj
c:\users\rhododendron\documents\github\green\pollution solution\temp\simplesidescrollerframework\debug\directxgraphics.obj
c:\users\rhododendron\documents\github\green\pollution solution\temp\simplesidescrollerframework\debug\directxtexturemanager.obj
c:\users\rhododendron\documents\github\green\pollution solution\temp\simplesidescrollerframework\debug\windowsinput.obj
c:\users\rhododendron\documents\github\green\pollution solution\temp\simplesidescrollerframework\debug\windowsos.obj
c:\users\rhododendron\documents\github\green\pollution solution\temp\simplesidescrollerframework\debug\windowstimer.obj
c:\users\rhododendron\documents\github\green\pollution solution\temp\simplesidescrollerframework\debug\bufferedtextfilereader.obj
c:\users\rhododendron\documents\github\green\pollution solution\temp\simplesidescrollerframework\debug\gametext.obj
c:\users\rhododendron\documents\github\green\pollution solution\temp\simplesidescrollerframework\debug\textfilewriter.obj
c:\users\rhododendron\documents\github\green\pollution solution\temp\simplesidescrollerframework\debug\stdafx.obj
c:\users\rhododendron\documents\github\green\pollution solution\temp\simplesidescrollerframework\debug\gamedataloader.obj
c:\users\rhododendron\documents\github\green\pollution solution\temp\simplesidescrollerframework\debug\game.obj
c:\users\rhododendron\documents\github\green\pollution solution\temp\simplesidescrollerframework\debug\wstringtable.obj
c:\users\rhododendron\documents\github\green\pollution solution\temp\simplesidescrollerframework\debug\gamegraphics.obj
c:\users\rhododendron\documents\github\green\pollution solution\temp\simplesidescrollerframework\debug\renderlist.obj
c:\users\rhododendron\documents\github\green\pollution solution\temp\simplesidescrollerframework\debug\texturemanager.obj
c:\users\rhododendron\documents\github\green\pollution solution\temp\simplesidescrollerframework\debug\botrecycler.obj
c:\users\rhododendron\documents\github\green\pollution solution\temp\simplesidescrollerframework\debug\randomfloatingbot.obj
c:\users\rhododendron\documents\github\green\pollution solution\temp\simplesidescrollerframework\debug\randomjumpingbot.obj
c:\users\rhododendron\documents\github\green\pollution solution\temp\simplesidescrollerframework\debug\orthographicgridpathfinder.obj
c:\users\rhododendron\documents\github\green\pollution solution\temp\simplesidescrollerframework\debug\aabb.obj
c:\users\rhododendron\documents\github\green\pollution solution\temp\simplesidescrollerframework\debug\collidableobject.obj
c:\users\rhododendron\documents\github\green\pollution solution\temp\simplesidescrollerframework\debug\physics.obj
c:\users\rhododendron\documents\github\green\pollution solution\temp\simplesidescrollerframework\debug\animatedsprite.obj
c:\users\rhododendron\documents\github\green\pollution solution\temp\simplesidescrollerframework\debug\animatedspritetype.obj
c:\users\rhododendron\documents\github\green\pollution solution\temp\simplesidescrollerframework\debug\spritemanager.obj
c:\users\rhododendron\documents\github\green\pollution solution\temp\simplesidescrollerframework\debug\vc110.pdb
c:\users\rhododendron\documents\github\green\pollution solution\temp\simplesidescrollerframework\debug\npc.obj
c:\users\rhododendron\documents\github\green\pollution solution\common\simplesidescrollerframework.lib
c:\users\jackie wei\desktop\pollution\temp\simplesidescrollerframework\debug\vc120.pdb
c:\users\jackie wei\desktop\pollution\temp\simplesidescrollerframework\debug\vc120.idb
c:\users\jackie wei\desktop\pollution\temp\simplesidescrollerframework\debug\topdownsprite.obj
c:\users\jackie wei\desktop\pollution\temp\simplesidescrollerframework\debug\gamestatemanager.obj
c:\users\jackie wei\desktop\pollution\temp\simplesidescrollerframework\debug\sparselayer.obj
c:\users\jackie wei\desktop\pollution\temp\simplesidescrollerframework\debug\tiledlayer.obj
c:\users\jackie wei\desktop\pollution\temp\simplesidescrollerframework\debug\world.obj
c:\users\jackie wei\desktop\pollution\temp\simplesidescrollerframework\debug\button.obj
c:\users\jackie wei\desktop\pollution\temp\simplesidescrollerframework\debug\cursor.obj
c:\users\jackie wei\desktop\pollution\temp\simplesidescrollerframework\debug\gamegui.obj
c:\users\jackie wei\desktop\pollution\temp\simplesidescrollerframework\debug\screengui.obj
c:\users\jackie wei\desktop\pollution\temp\simplesidescrollerframework\debug\viewport.obj
c:\users\jackie wei\desktop\pollution\temp\simplesidescrollerframework\debug\gameinput.obj
c:\users\jackie wei\desktop\pollution\temp\simplesidescrollerframework\debug\directxgraphics.obj
c:\users\jackie wei\desktop\pollution\temp\simplesidescrollerframework\debug\directxtexturemanager.obj
c:\users\jackie wei\desktop\pollution\temp\simplesidescrollerframework\debug\windowsinput.obj
c:\users\jackie wei\desktop\pollution\temp\simplesidescrollerframework\debug\windowsos.obj
c:\users\jackie wei\desktop\pollution\temp\simplesidescrollerframework\debug\windowstimer.obj
c:\users\jackie wei\desktop\pollution\temp\simplesidescrollerframework\debug\bufferedtextfilereader.obj
c:\users\jackie wei\desktop\pollution\temp\simplesidescrollerframework\debug\gametext.obj
c:\users\jackie wei\desktop\pollution\temp\simplesidescrollerframework\debug\textfilewriter.obj
c:\users\jackie wei\desktop\pollution\temp\simplesidescrollerframework\debug\stdafx.obj
c:\users\jackie wei\desktop\pollution\temp\simplesidescrollerframework\debug\gamedataloader.obj
c:\users\jackie wei\desktop\pollution\temp\simplesidescrollerframework\debug\game.obj
c:\users\jackie wei\desktop\pollution\temp\simplesidescrollerframework\debug\wstringtable.obj
c:\users\jackie wei\desktop\pollution\temp\simplesidescrollerframework\debug\gamegraphics.obj
c:\users\jackie wei\desktop\pollution\temp\simplesidescrollerframework\debug\renderlist.obj
c:\users\jackie wei\desktop\pollution\temp\simplesidescrollerframework\debug\texturemanager.obj
c:\users\jackie wei\desktop\pollution\temp\simplesidescrollerframework\debug\botrecycler.obj
c:\users\jackie wei\desktop\pollution\temp\simplesidescrollerframework\debug\npc.obj
c:\users\jackie wei\desktop\pollution\temp\simplesidescrollerframework\debug\randomfloatingbot.obj
c:\users\jackie wei\desktop\pollution\temp\simplesidescrollerframework\debug\randomjumpingbot.obj
c:\users\jackie wei\desktop\pollution\temp\simplesidescrollerframework\debug\aabb.obj
c:\users\jackie wei\desktop\pollution\temp\simplesidescrollerframework\debug\collidableobject.obj
c:\users\jackie wei\desktop\pollution\temp\simplesidescrollerframework\debug\physics.obj
c:\users\jackie wei\desktop\pollution\temp\simplesidescrollerframework\debug\animatedsprite.obj
c:\users\jackie wei\desktop\pollution\temp\simplesidescrollerframework\debug\animatedspritetype.obj
c:\users\jackie wei\desktop\pollution\temp\simplesidescrollerframework\debug\spritemanager.obj
c:\users\jackie wei\desktop\pollution\common\simplesidescrollerframework.lib
c:\users\jackie wei\desktop\pollution\temp\simplesidescrollerframework\debug\orthographicgridpathfinder.obj
c:\users\jackie wei\desktop\pollution\temp\simplesidescrollerframework\debug\cl.command.1.tlog
c:\users\jackie wei\desktop\pollution\temp\simplesidescrollerframework\debug\cl.read.1.tlog
c:\users\jackie wei\desktop\pollution\temp\simplesidescrollerframework\debug\cl.write.1.tlog
c:\users\jackie wei\desktop\pollution\temp\simplesidescrollerframework\debug\lib-link.read.1.tlog
c:\users\jackie wei\desktop\pollution\temp\simplesidescrollerframework\debug\lib-link.write.1.tlog
c:\users\jackie wei\desktop\pollution\temp\simplesidescrollerframework\debug\lib.command.1.tlog
c:\users\jackie wei\desktop\pollution\temp\simplesidescrollerframework\debug\vc110.idb
c:\users\jackie wei\desktop\pollution\temp\simplesidescrollerframework\debug\vc110.pdb
c:\users\jackie wei\desktop\pollution\temp\simplesidescrollerframework\debug\simplesi.6a8e84cb.tlog\cl.command.1.tlog
c:\users\jackie wei\desktop\pollution\temp\simplesidescrollerframework\debug\simplesi.6a8e84cb.tlog\cl.read.1.tlog
c:\users\jackie wei\desktop\pollution\temp\simplesidescrollerframework\debug\simplesi.6a8e84cb.tlog\cl.write.1.tlog
c:\users\jackie wei\desktop\pollution\temp\simplesidescrollerframework\debug\simplesi.6a8e84cb.tlog\lib-link.read.1.tlog
c:\users\jackie wei\desktop\pollution\temp\simplesidescrollerframework\debug\simplesi.6a8e84cb.tlog\lib-link.write.1.tlog
c:\users\jackie wei\desktop\pollution\temp\simplesidescrollerframework\debug\simplesi.6a8e84cb.tlog\lib.command.1.tlog
