c:\users\rhododendron\documents\github\green\pollution solution\temp\xmlfileimporter\debug\xmlfileimporter.obj
c:\users\rhododendron\documents\github\green\pollution solution\temp\xmlfileimporter\debug\stdafx.obj
c:\users\rhododendron\documents\github\green\pollution solution\temp\xmlfileimporter\debug\vc110.pdb
c:\users\rhododendron\documents\github\green\pollution solution\common\xmlfileimporter.lib
c:\users\jackie wei\desktop\pollution\temp\xmlfileimporter\debug\vc120.pdb
c:\users\jackie wei\desktop\pollution\temp\xmlfileimporter\debug\vc120.idb
c:\users\jackie wei\desktop\pollution\temp\xmlfileimporter\debug\xmlfileimporter.obj
c:\users\jackie wei\desktop\pollution\temp\xmlfileimporter\debug\stdafx.obj
c:\users\jackie wei\desktop\pollution\common\xmlfileimporter.lib
c:\users\jackie wei\desktop\pollution\temp\xmlfileimporter\debug\cl.command.1.tlog
c:\users\jackie wei\desktop\pollution\temp\xmlfileimporter\debug\cl.read.1.tlog
c:\users\jackie wei\desktop\pollution\temp\xmlfileimporter\debug\cl.write.1.tlog
c:\users\jackie wei\desktop\pollution\temp\xmlfileimporter\debug\lib-link.read.1.tlog
c:\users\jackie wei\desktop\pollution\temp\xmlfileimporter\debug\lib-link.write.1.tlog
c:\users\jackie wei\desktop\pollution\temp\xmlfileimporter\debug\lib.command.1.tlog
c:\users\jackie wei\desktop\pollution\temp\xmlfileimporter\debug\vc110.idb
c:\users\jackie wei\desktop\pollution\temp\xmlfileimporter\debug\vc110.pdb
c:\users\jackie wei\desktop\pollution\temp\xmlfileimporter\debug\xmlfileimporter.tlog\cl.command.1.tlog
c:\users\jackie wei\desktop\pollution\temp\xmlfileimporter\debug\xmlfileimporter.tlog\cl.read.1.tlog
c:\users\jackie wei\desktop\pollution\temp\xmlfileimporter\debug\xmlfileimporter.tlog\cl.write.1.tlog
c:\users\jackie wei\desktop\pollution\temp\xmlfileimporter\debug\xmlfileimporter.tlog\lib-link.read.1.tlog
c:\users\jackie wei\desktop\pollution\temp\xmlfileimporter\debug\xmlfileimporter.tlog\lib-link.write.1.tlog
c:\users\jackie wei\desktop\pollution\temp\xmlfileimporter\debug\xmlfileimporter.tlog\lib.command.1.tlog
