c:\users\rhododendron\documents\github\green\pollution solution\temp\tmxmapimporter\debug\tmxmapimporter.obj
c:\users\rhododendron\documents\github\green\pollution solution\temp\tmxmapimporter\debug\stdafx.obj
c:\users\rhododendron\documents\github\green\pollution solution\temp\tmxmapimporter\debug\vc110.pdb
c:\users\rhododendron\documents\github\green\pollution solution\common\tmxmapimporter.lib
c:\users\jackie wei\desktop\pollution\temp\tmxmapimporter\debug\vc120.pdb
c:\users\jackie wei\desktop\pollution\temp\tmxmapimporter\debug\vc120.idb
c:\users\jackie wei\desktop\pollution\temp\tmxmapimporter\debug\tmxmapimporter.obj
c:\users\jackie wei\desktop\pollution\temp\tmxmapimporter\debug\stdafx.obj
c:\users\jackie wei\desktop\pollution\common\tmxmapimporter.lib
c:\users\jackie wei\desktop\pollution\temp\tmxmapimporter\debug\cl.command.1.tlog
c:\users\jackie wei\desktop\pollution\temp\tmxmapimporter\debug\cl.read.1.tlog
c:\users\jackie wei\desktop\pollution\temp\tmxmapimporter\debug\cl.write.1.tlog
c:\users\jackie wei\desktop\pollution\temp\tmxmapimporter\debug\lib-link.read.1.tlog
c:\users\jackie wei\desktop\pollution\temp\tmxmapimporter\debug\lib-link.write.1.tlog
c:\users\jackie wei\desktop\pollution\temp\tmxmapimporter\debug\lib.command.1.tlog
c:\users\jackie wei\desktop\pollution\temp\tmxmapimporter\debug\vc110.idb
c:\users\jackie wei\desktop\pollution\temp\tmxmapimporter\debug\vc110.pdb
c:\users\jackie wei\desktop\pollution\temp\tmxmapimporter\debug\tmxmapimporter.tlog\cl.command.1.tlog
c:\users\jackie wei\desktop\pollution\temp\tmxmapimporter\debug\tmxmapimporter.tlog\cl.read.1.tlog
c:\users\jackie wei\desktop\pollution\temp\tmxmapimporter\debug\tmxmapimporter.tlog\cl.write.1.tlog
c:\users\jackie wei\desktop\pollution\temp\tmxmapimporter\debug\tmxmapimporter.tlog\lib-link.read.1.tlog
c:\users\jackie wei\desktop\pollution\temp\tmxmapimporter\debug\tmxmapimporter.tlog\lib-link.write.1.tlog
c:\users\jackie wei\desktop\pollution\temp\tmxmapimporter\debug\tmxmapimporter.tlog\lib.command.1.tlog
