c:\users\rhododendron\documents\github\green\pollution solution\temp\bugs\debug\bugsbuttoneventhandler.obj
c:\users\rhododendron\documents\github\green\pollution solution\temp\bugs\debug\bugscollisionlistener.obj
c:\users\rhododendron\documents\github\green\pollution solution\temp\bugs\debug\bugsgame.obj
c:\users\rhododendron\documents\github\green\pollution solution\temp\bugs\debug\bugskeyeventhandler.obj
c:\users\rhododendron\documents\github\green\pollution solution\temp\bugs\debug\bugsmouseeventhandler.obj
c:\users\rhododendron\documents\github\green\pollution solution\temp\bugs\debug\bugstextgenerator.obj
c:\users\rhododendron\documents\github\green\pollution solution\temp\bugs\debug\stdafx.obj
c:\users\rhododendron\documents\github\green\pollution solution\temp\bugs\debug\vc110.pdb
c:\users\rhododendron\documents\github\green\pollution solution\temp\bugs\debug\bugsdataloader.obj
c:\users\rhododendron\documents\github\green\pollution solution\apps\bugs\bugs.ilk
c:\users\rhododendron\documents\github\green\pollution solution\apps\bugs\bugs.exe
c:\users\rhododendron\documents\github\green\pollution solution\apps\bugs\bugs.pdb
c:\users\jackie wei\desktop\pollution\temp\bugs\debug\vc120.pdb
c:\users\jackie wei\desktop\pollution\temp\bugs\debug\vc120.idb
c:\users\jackie wei\desktop\pollution\temp\bugs\debug\bugsbuttoneventhandler.obj
c:\users\jackie wei\desktop\pollution\temp\bugs\debug\bugscollisionlistener.obj
c:\users\jackie wei\desktop\pollution\temp\bugs\debug\bugsdataloader.obj
c:\users\jackie wei\desktop\pollution\temp\bugs\debug\bugsgame.obj
c:\users\jackie wei\desktop\pollution\temp\bugs\debug\bugskeyeventhandler.obj
c:\users\jackie wei\desktop\pollution\temp\bugs\debug\bugsmouseeventhandler.obj
c:\users\jackie wei\desktop\pollution\temp\bugs\debug\bugstextgenerator.obj
c:\users\jackie wei\desktop\pollution\temp\bugs\debug\stdafx.obj
c:\users\jackie wei\desktop\pollution\apps\bugs\bugs.ilk
c:\users\jackie wei\desktop\pollution\apps\bugs\bugs.exe
c:\users\jackie wei\desktop\pollution\apps\bugs\bugs.pdb
c:\users\jackie wei\desktop\pollution\temp\bugs\debug\cl.command.1.tlog
c:\users\jackie wei\desktop\pollution\temp\bugs\debug\cl.read.1.tlog
c:\users\jackie wei\desktop\pollution\temp\bugs\debug\cl.write.1.tlog
c:\users\jackie wei\desktop\pollution\temp\bugs\debug\link-cvtres.read.1.tlog
c:\users\jackie wei\desktop\pollution\temp\bugs\debug\link-cvtres.write.1.tlog
c:\users\jackie wei\desktop\pollution\temp\bugs\debug\link-rc.read.1.tlog
c:\users\jackie wei\desktop\pollution\temp\bugs\debug\link-rc.write.1.tlog
c:\users\jackie wei\desktop\pollution\temp\bugs\debug\link.6628-cvtres.read.1.tlog
c:\users\jackie wei\desktop\pollution\temp\bugs\debug\link.6628-cvtres.write.1.tlog
c:\users\jackie wei\desktop\pollution\temp\bugs\debug\link.6628-rc.read.1.tlog
c:\users\jackie wei\desktop\pollution\temp\bugs\debug\link.6628-rc.write.1.tlog
c:\users\jackie wei\desktop\pollution\temp\bugs\debug\link.6628.read.1.tlog
c:\users\jackie wei\desktop\pollution\temp\bugs\debug\link.6628.write.1.tlog
c:\users\jackie wei\desktop\pollution\temp\bugs\debug\link.6964-cvtres.read.1.tlog
c:\users\jackie wei\desktop\pollution\temp\bugs\debug\link.6964-cvtres.write.1.tlog
c:\users\jackie wei\desktop\pollution\temp\bugs\debug\link.6964-rc.read.1.tlog
c:\users\jackie wei\desktop\pollution\temp\bugs\debug\link.6964-rc.write.1.tlog
c:\users\jackie wei\desktop\pollution\temp\bugs\debug\link.6964.read.1.tlog
c:\users\jackie wei\desktop\pollution\temp\bugs\debug\link.6964.write.1.tlog
c:\users\jackie wei\desktop\pollution\temp\bugs\debug\link.704-cvtres.read.1.tlog
c:\users\jackie wei\desktop\pollution\temp\bugs\debug\link.704-cvtres.write.1.tlog
c:\users\jackie wei\desktop\pollution\temp\bugs\debug\link.704-rc.read.1.tlog
c:\users\jackie wei\desktop\pollution\temp\bugs\debug\link.704-rc.write.1.tlog
c:\users\jackie wei\desktop\pollution\temp\bugs\debug\link.704.read.1.tlog
c:\users\jackie wei\desktop\pollution\temp\bugs\debug\link.704.write.1.tlog
c:\users\jackie wei\desktop\pollution\temp\bugs\debug\link.8020-cvtres.read.1.tlog
c:\users\jackie wei\desktop\pollution\temp\bugs\debug\link.8020-cvtres.write.1.tlog
c:\users\jackie wei\desktop\pollution\temp\bugs\debug\link.8020-rc.read.1.tlog
c:\users\jackie wei\desktop\pollution\temp\bugs\debug\link.8020-rc.write.1.tlog
c:\users\jackie wei\desktop\pollution\temp\bugs\debug\link.8020.read.1.tlog
c:\users\jackie wei\desktop\pollution\temp\bugs\debug\link.8020.write.1.tlog
c:\users\jackie wei\desktop\pollution\temp\bugs\debug\link.command.1.tlog
c:\users\jackie wei\desktop\pollution\temp\bugs\debug\link.read.1.tlog
c:\users\jackie wei\desktop\pollution\temp\bugs\debug\link.write.1.tlog
c:\users\jackie wei\desktop\pollution\temp\bugs\debug\vc110.idb
c:\users\jackie wei\desktop\pollution\temp\bugs\debug\vc110.pdb
c:\users\jackie wei\desktop\pollution\temp\bugs\debug\bugs.tlog\cl.command.1.tlog
c:\users\jackie wei\desktop\pollution\temp\bugs\debug\bugs.tlog\cl.read.1.tlog
c:\users\jackie wei\desktop\pollution\temp\bugs\debug\bugs.tlog\cl.write.1.tlog
c:\users\jackie wei\desktop\pollution\temp\bugs\debug\bugs.tlog\link.command.1.tlog
c:\users\jackie wei\desktop\pollution\temp\bugs\debug\bugs.tlog\link.read.1.tlog
c:\users\jackie wei\desktop\pollution\temp\bugs\debug\bugs.tlog\link.write.1.tlog
